<?xml version="1.0" encoding="UTF-8"?>
<testsuite xmlns:xsi="http://www.w3.org/2001/XMLSchema-instance" xsi:noNamespaceSchemaLocation="https://maven.apache.org/surefire/maven-surefire-plugin/xsd/surefire-test-report-3.0.xsd" version="3.0" name="TestSuite" time="10.157" tests="12" errors="0" skipped="9" failures="3">
  <properties>
[...]
</properties>
  <testcase name="setUp[public void com.github.mirospanacek.login.InvalidLoginTest.invalidLogin(com.github.mirospanacek.data.customers.Customer)](1)" classname="com.github.mirospanacek.login.InvalidLoginTest" time="8.939">
    <failure message="unknown error: net::ERR_CONNECTION_REFUSED&#10;  (Session info: chrome=138.0.7204.92)&#10;Build info: version: &apos;4.25.0&apos;, revision: &apos;8a8aea2337&apos;&#10;System info: os.name: &apos;Linux&apos;, os.arch: &apos;amd64&apos;, os.version: &apos;6.8.0-63-generic&apos;, java.version: &apos;21.0.7&apos;&#10;Driver info: org.openqa.selenium.chrome.ChromeDriver&#10;Command: [118a252be76912177387ff950b085a2a, get {url=http://localhost:8089}]&#10;Capabilities {acceptInsecureCerts: false, browserName: chrome, browserVersion: 138.0.7204.92, chrome: {chromedriverVersion: 138.0.7204.94 (545025748884..., userDataDir: /tmp/.org.chromium.Chromium...}, fedcm:accounts: true, goog:chromeOptions: {debuggerAddress: localhost:34791}, networkConnectionEnabled: false, pageLoadStrategy: normal, platformName: linux, proxy: Proxy(), se:cdp: ws://localhost:34791/devtoo..., se:cdpVersion: 138.0.7204.92, setWindowRect: true, strictFileInteractability: false, timeouts: {implicit: 0, pageLoad: 300000, script: 30000}, unhandledPromptBehavior: dismiss and notify, webauthn:extension:credBlob: true, webauthn:extension:largeBlob: true, webauthn:extension:minPinLength: true, webauthn:extension:prf: true, webauthn:virtualAuthenticators: true}&#10;Session ID: 118a252be76912177387ff950b085a2a" type="org.openqa.selenium.WebDriverException"><![CDATA[org.openqa.selenium.WebDriverException: 
unknown error: net::ERR_CONNECTION_REFUSED
  (Session info: chrome=138.0.7204.92)
Build info: version: '4.25.0', revision: '8a8aea2337'
System info: os.name: 'Linux', os.arch: 'amd64', os.version: '6.8.0-63-generic', java.version: '21.0.7'
Driver info: org.openqa.selenium.chrome.ChromeDriver
Command: [118a252be76912177387ff950b085a2a, get {url=http://localhost:8089}]
Capabilities {acceptInsecureCerts: false, browserName: chrome, browserVersion: 138.0.7204.92, chrome: {chromedriverVersion: 138.0.7204.94 (545025748884..., userDataDir: /tmp/.org.chromium.Chromium...}, fedcm:accounts: true, goog:chromeOptions: {debuggerAddress: localhost:34791}, networkConnectionEnabled: false, pageLoadStrategy: normal, platformName: linux, proxy: Proxy(), se:cdp: ws://localhost:34791/devtoo..., se:cdpVersion: 138.0.7204.92, setWindowRect: true, strictFileInteractability: false, timeouts: {implicit: 0, pageLoad: 300000, script: 30000}, unhandledPromptBehavior: dismiss and notify, webauthn:extension:credBlob: true, webauthn:extension:largeBlob: true, webauthn:extension:minPinLength: true, webauthn:extension:prf: true, webauthn:virtualAuthenticators: true}
Session ID: 118a252be76912177387ff950b085a2a
	at java.base/jdk.internal.reflect.DirectConstructorHandleAccessor.newInstance(DirectConstructorHandleAccessor.java:62)
	at java.base/java.lang.reflect.Constructor.newInstanceWithCaller(Constructor.java:502)
	at java.base/java.lang.reflect.Constructor.newInstance(Constructor.java:486)
	at org.openqa.selenium.remote.ErrorCodec.decode(ErrorCodec.java:167)
	at org.openqa.selenium.remote.codec.w3c.W3CHttpResponseCodec.decode(W3CHttpResponseCodec.java:138)
	at org.openqa.selenium.remote.codec.w3c.W3CHttpResponseCodec.decode(W3CHttpResponseCodec.java:50)
	at org.openqa.selenium.remote.HttpCommandExecutor.execute(HttpCommandExecutor.java:190)
	at org.openqa.selenium.remote.service.DriverCommandExecutor.invokeExecute(DriverCommandExecutor.java:216)
	at org.openqa.selenium.remote.service.DriverCommandExecutor.execute(DriverCommandExecutor.java:174)
	at org.openqa.selenium.remote.RemoteWebDriver.execute(RemoteWebDriver.java:545)
	at org.openqa.selenium.remote.RemoteWebDriver.get(RemoteWebDriver.java:313)
	at com.github.mirospanacek.TestPreset.setUp(TestPreset.java:89)
	at java.base/jdk.internal.reflect.DirectMethodHandleAccessor.invoke(DirectMethodHandleAccessor.java:103)
	at java.base/java.lang.reflect.Method.invoke(Method.java:580)
	at org.testng.internal.invokers.MethodInvocationHelper.invokeMethod(MethodInvocationHelper.java:141)
	at org.testng.internal.invokers.InvokeMethodRunnable.runOne(InvokeMethodRunnable.java:47)
	at org.testng.internal.invokers.InvokeMethodRunnable.call(InvokeMethodRunnable.java:76)
	at org.testng.internal.invokers.InvokeMethodRunnable.run(InvokeMethodRunnable.java:33)
	at org.testng.internal.invokers.MethodInvocationHelper.invokeWithTimeoutWithNoExecutor(MethodInvocationHelper.java:353)
	at org.testng.internal.invokers.MethodInvocationHelper.invokeWithTimeout(MethodInvocationHelper.java:308)
	at org.testng.internal.invokers.MethodInvocationHelper.invokeWithTimeout(MethodInvocationHelper.java:292)
	at org.testng.internal.invokers.MethodInvocationHelper.invokeMethodConsideringTimeout(MethodInvocationHelper.java:73)
	at org.testng.internal.invokers.ConfigInvoker.invokeConfigurationMethod(ConfigInvoker.java:400)
	at org.testng.internal.invokers.ConfigInvoker.invokeConfigurations(ConfigInvoker.java:333)
	at org.testng.internal.invokers.TestInvoker.runConfigMethods(TestInvoker.java:833)
	at org.testng.internal.invokers.TestInvoker.invokeMethod(TestInvoker.java:600)
	at org.testng.internal.invokers.TestInvoker.invokeTestMethod(TestInvoker.java:230)
	at org.testng.internal.invokers.MethodRunner.runInSequence(MethodRunner.java:63)
	at org.testng.internal.invokers.TestInvoker$MethodInvocationAgent.invoke(TestInvoker.java:992)
	at org.testng.internal.invokers.TestInvoker.invokeTestMethods(TestInvoker.java:203)
	at org.testng.internal.invokers.TestMethodWorker.invokeTestMethods(TestMethodWorker.java:154)
	at org.testng.internal.invokers.TestMethodWorker.run(TestMethodWorker.java:134)
	at java.base/java.util.concurrent.Executors$RunnableAdapter.call(Executors.java:572)
	at java.base/java.util.concurrent.FutureTask.run(FutureTask.java:317)
	at org.testng.internal.thread.graph.TestNGFutureTask.run(TestNGFutureTask.java:22)
	at java.base/java.util.concurrent.ThreadPoolExecutor.runWorker(ThreadPoolExecutor.java:1144)
	at java.base/java.util.concurrent.ThreadPoolExecutor$Worker.run(ThreadPoolExecutor.java:642)
	at java.base/java.lang.Thread.run(Thread.java:1583)
]]></failure>
    <system-out><![CDATA[...
... TestNG 7.10.2 by Cédric Beust (cedric@beust.com)
...

2025-07-13 21:30:06  [TestNG-test-Regression Test-1] INFO c.g.m.config.Configuration - jdk.internal.loader.ClassLoaders$AppClassLoader@639fee48
2025-07-13 21:30:06  [TestNG-test-Regression Test-2] INFO c.g.m.config.Configuration - jdk.internal.loader.ClassLoaders$AppClassLoader@639fee48
2025-07-13 21:30:06  [TestNG-test-Regression Test-1] INFO com.github.mirospanacek.TestPreset - Actual test URL: http://localhost:8089
2025-07-13 21:30:06  [TestNG-test-Regression Test-2] INFO com.github.mirospanacek.TestPreset - Actual test URL: http://localhost:8089
2025-07-13 21:30:06 positiveLogin [TestNG-test-Regression Test-2] INFO com.github.mirospanacek.TestPreset - ************* Test: positiveLogin **************
2025-07-13 21:30:06 invalidLogin [TestNG-test-Regression Test-1] INFO com.github.mirospanacek.TestPreset - ************* Test: invalidLogin **************
2025-07-13 21:30:07 positiveLogin [TestNG-test-Regression Test-2] INFO i.g.bonigarcia.wdm.WebDriverManager - Using chromedriver 138.0.7204.94 (resolved driver for Chrome 138)
2025-07-13 21:30:07 invalidLogin [TestNG-test-Regression Test-1] INFO i.g.bonigarcia.wdm.WebDriverManager - Using chromedriver 138.0.7204.94 (resolved driver for Chrome 138)
2025-07-13 21:30:07 positiveLogin [TestNG-test-Regression Test-2] INFO i.g.b.wdm.online.Downloader - Downloading https://storage.googleapis.com/chrome-for-testing-public/138.0.7204.94/linux64/chromedriver-linux64.zip
2025-07-13 21:30:07 invalidLogin [TestNG-test-Regression Test-1] INFO i.g.b.wdm.online.Downloader - Downloading https://storage.googleapis.com/chrome-for-testing-public/138.0.7204.94/linux64/chromedriver-linux64.zip
2025-07-13 21:30:14 invalidLogin [TestNG-test-Regression Test-1] INFO i.g.b.wdm.online.Downloader - Extracting driver from compressed file chromedriver-linux64.zip
2025-07-13 21:30:14 invalidLogin [TestNG-test-Regression Test-1] INFO i.g.bonigarcia.wdm.WebDriverManager - Exporting webdriver.chrome.driver as /home/mp/.cache/selenium/chromedriver/linux64/138.0.7204.94/chromedriver
]]></system-out>
    <system-err><![CDATA[čvc 13, 2025 9:30:14 ODP. org.openqa.selenium.devtools.CdpVersionFinder findNearestMatch
WARNING: Unable to find CDP implementation matching 138
čvc 13, 2025 9:30:14 ODP. org.openqa.selenium.chromium.ChromiumDriver lambda$new$5
WARNING: Unable to find version of CDP to use for 138.0.7204.92. You may need to include a dependency on a specific version of the CDP using something similar to `org.seleniumhq.selenium:selenium-devtools-v86:4.25.0` where the version ("v86") matches the version of the chromium-based browser you're using and the version number of the artifact is the same as Selenium's.
]]></system-err>
  </testcase>
  <testcase name="getCustomers" classname="com.github.mirospanacek.login.InvalidLoginTest" time="0.0">
    <skipped/>
  </testcase>
  <testcase name="getCustomers" classname="com.github.mirospanacek.login.InvalidLoginTest" time="0.0">
    <skipped/>
  </testcase>
  <testcase name="setUrl" classname="com.github.mirospanacek.login.InvalidLoginTest" time="0.0">
    <skipped/>
  </testcase>
  <testcase name="setUrl" classname="com.github.mirospanacek.login.InvalidLoginTest" time="0.0">
    <skipped/>
  </testcase>
  <testcase name="invalidLogin[Customer{firstName=&apos;&apos;, lastName=&apos;&apos;, email=&apos;a@gmail.com&apos;, password=&apos;Asdf456.lkj&apos;, socialTitle=null, birthdate=null}](1)" classname="com.github.mirospanacek.login.InvalidLoginTest" time="0.0">
    <skipped message="unknown error: net::ERR_CONNECTION_REFUSED&#10;  (Session info: chrome=138.0.7204.92)&#10;Build info: version: &apos;4.25.0&apos;, revision: &apos;8a8aea2337&apos;&#10;System info: os.name: &apos;Linux&apos;, os.arch: &apos;amd64&apos;, os.version: &apos;6.8.0-63-generic&apos;, java.version: &apos;21.0.7&apos;&#10;Driver info: org.openqa.selenium.chrome.ChromeDriver&#10;Command: [118a252be76912177387ff950b085a2a, get {url=http://localhost:8089}]&#10;Capabilities {acceptInsecureCerts: false, browserName: chrome, browserVersion: 138.0.7204.92, chrome: {chromedriverVersion: 138.0.7204.94 (545025748884..., userDataDir: /tmp/.org.chromium.Chromium...}, fedcm:accounts: true, goog:chromeOptions: {debuggerAddress: localhost:34791}, networkConnectionEnabled: false, pageLoadStrategy: normal, platformName: linux, proxy: Proxy(), se:cdp: ws://localhost:34791/devtoo..., se:cdpVersion: 138.0.7204.92, setWindowRect: true, strictFileInteractability: false, timeouts: {implicit: 0, pageLoad: 300000, script: 30000}, unhandledPromptBehavior: dismiss and notify, webauthn:extension:credBlob: true, webauthn:extension:largeBlob: true, webauthn:extension:minPinLength: true, webauthn:extension:prf: true, webauthn:virtualAuthenticators: true}&#10;Session ID: 118a252be76912177387ff950b085a2a"/>
  </testcase>
  <testcase name="setUp[public void com.github.mirospanacek.login.InvalidLoginTest.invalidLogin(com.github.mirospanacek.data.customers.Customer)](2)" classname="com.github.mirospanacek.login.InvalidLoginTest" time="0.035">
    <failure message="Could not start a new session. Possible causes are invalid address of the remote server or browser start-up failure. &#10;Host info: host: &apos;mp-Latitude-7430&apos;, ip: &apos;127.0.1.1&apos;" type="org.openqa.selenium.SessionNotCreatedException"><![CDATA[org.openqa.selenium.SessionNotCreatedException: 
Could not start a new session. Possible causes are invalid address of the remote server or browser start-up failure. 
Host info: host: 'mp-Latitude-7430', ip: '127.0.1.1'
	at org.openqa.selenium.remote.RemoteWebDriver.execute(RemoteWebDriver.java:563)
	at org.openqa.selenium.remote.RemoteWebDriver.startSession(RemoteWebDriver.java:245)
	at org.openqa.selenium.remote.RemoteWebDriver.<init>(RemoteWebDriver.java:174)
	at org.openqa.selenium.chromium.ChromiumDriver.<init>(ChromiumDriver.java:114)
	at org.openqa.selenium.chrome.ChromeDriver.<init>(ChromeDriver.java:88)
	at org.openqa.selenium.chrome.ChromeDriver.<init>(ChromeDriver.java:83)
	at org.openqa.selenium.chrome.ChromeDriver.<init>(ChromeDriver.java:72)
	at java.base/jdk.internal.reflect.DirectConstructorHandleAccessor.newInstance(DirectConstructorHandleAccessor.java:62)
	at java.base/java.lang.reflect.Constructor.newInstanceWithCaller(Constructor.java:502)
	at java.base/java.lang.reflect.Constructor.newInstance(Constructor.java:486)
	at io.github.bonigarcia.wdm.webdriver.WebDriverCreator.createLocalWebDriver(WebDriverCreator.java:61)
	at io.github.bonigarcia.wdm.WebDriverManager.createLocalWebDriver(WebDriverManager.java:1964)
	at io.github.bonigarcia.wdm.WebDriverManager.instantiateDriver(WebDriverManager.java:1774)
	at io.github.bonigarcia.wdm.WebDriverManager.create(WebDriverManager.java:433)
	at com.github.mirospanacek.TestPreset.setUp(TestPreset.java:86)
	at java.base/jdk.internal.reflect.DirectMethodHandleAccessor.invoke(DirectMethodHandleAccessor.java:103)
	at java.base/java.lang.reflect.Method.invoke(Method.java:580)
	at org.testng.internal.invokers.MethodInvocationHelper.invokeMethod(MethodInvocationHelper.java:141)
	at org.testng.internal.invokers.InvokeMethodRunnable.runOne(InvokeMethodRunnable.java:47)
	at org.testng.internal.invokers.InvokeMethodRunnable.call(InvokeMethodRunnable.java:76)
	at org.testng.internal.invokers.InvokeMethodRunnable.run(InvokeMethodRunnable.java:33)
	at org.testng.internal.invokers.MethodInvocationHelper.invokeWithTimeoutWithNoExecutor(MethodInvocationHelper.java:353)
	at org.testng.internal.invokers.MethodInvocationHelper.invokeWithTimeout(MethodInvocationHelper.java:308)
	at org.testng.internal.invokers.MethodInvocationHelper.invokeWithTimeout(MethodInvocationHelper.java:292)
	at org.testng.internal.invokers.MethodInvocationHelper.invokeMethodConsideringTimeout(MethodInvocationHelper.java:73)
	at org.testng.internal.invokers.ConfigInvoker.invokeConfigurationMethod(ConfigInvoker.java:400)
	at org.testng.internal.invokers.ConfigInvoker.invokeConfigurations(ConfigInvoker.java:333)
	at org.testng.internal.invokers.TestInvoker.runConfigMethods(TestInvoker.java:833)
	at org.testng.internal.invokers.TestInvoker.invokeMethod(TestInvoker.java:600)
	at org.testng.internal.invokers.TestInvoker.invokeTestMethod(TestInvoker.java:230)
	at org.testng.internal.invokers.MethodRunner.runInSequence(MethodRunner.java:63)
	at org.testng.internal.invokers.TestInvoker$MethodInvocationAgent.invoke(TestInvoker.java:992)
	at org.testng.internal.invokers.TestInvoker.invokeTestMethods(TestInvoker.java:203)
	at org.testng.internal.invokers.TestMethodWorker.invokeTestMethods(TestMethodWorker.java:154)
	at org.testng.internal.invokers.TestMethodWorker.run(TestMethodWorker.java:134)
	at java.base/java.util.concurrent.Executors$RunnableAdapter.call(Executors.java:572)
	at java.base/java.util.concurrent.FutureTask.run(FutureTask.java:317)
	at org.testng.internal.thread.graph.TestNGFutureTask.run(TestNGFutureTask.java:22)
	at java.base/java.util.concurrent.ThreadPoolExecutor.runWorker(ThreadPoolExecutor.java:1144)
	at java.base/java.util.concurrent.ThreadPoolExecutor$Worker.run(ThreadPoolExecutor.java:642)
	at java.base/java.lang.Thread.run(Thread.java:1583)
Caused by: org.openqa.selenium.WebDriverException: Interrupted while waiting for driver server to start.
Build info: version: '4.25.0', revision: '8a8aea2337'
System info: os.name: 'Linux', os.arch: 'amd64', os.version: '6.8.0-63-generic', java.version: '21.0.7'
Driver info: driver.version: ChromeDriver
	at org.openqa.selenium.remote.service.DriverService.start(DriverService.java:260)
	at org.openqa.selenium.remote.service.DriverCommandExecutor.execute(DriverCommandExecutor.java:117)
	at org.openqa.selenium.remote.RemoteWebDriver.execute(RemoteWebDriver.java:545)
	... 40 more
Caused by: java.lang.InterruptedException
	at java.base/java.util.concurrent.CompletableFuture.reportGet(CompletableFuture.java:386)
	at java.base/java.util.concurrent.CompletableFuture.get(CompletableFuture.java:2096)
	at org.openqa.selenium.remote.service.DriverService.start(DriverService.java:234)
	... 42 more
]]></failure>
    <system-out><![CDATA[2025-07-13 21:30:14 invalidLogin [TestNG-test-Regression Test-1] WARN i.g.bonigarcia.wdm.WebDriverManager - Exception closing ChromeDriver: chrome on linux (null) (Timed out waiting for driver server to stop.
Build info: version: '4.25.0', revision: '8a8aea2337'
System info: os.name: 'Linux', os.arch: 'amd64', os.version: '6.8.0-63-generic', java.version: '21.0.7'
Driver info: org.openqa.selenium.chrome.ChromeDriver
Command: [118a252be76912177387ff950b085a2a, quit {}]
Capabilities {acceptInsecureCerts: false, browserName: chrome, browserVersion: 138.0.7204.92, chrome: {chromedriverVersion: 138.0.7204.94 (545025748884..., userDataDir: /tmp/.org.chromium.Chromium...}, fedcm:accounts: true, goog:chromeOptions: {debuggerAddress: localhost:34791}, networkConnectionEnabled: false, pageLoadStrategy: normal, platformName: linux, proxy: Proxy(), se:cdp: ws://localhost:34791/devtoo..., se:cdpVersion: 138.0.7204.92, setWindowRect: true, strictFileInteractability: false, timeouts: {implicit: 0, pageLoad: 300000, script: 30000}, unhandledPromptBehavior: dismiss and notify, webauthn:extension:credBlob: true, webauthn:extension:largeBlob: true, webauthn:extension:minPinLength: true, webauthn:extension:prf: true, webauthn:virtualAuthenticators: true}
Session ID: 118a252be76912177387ff950b085a2a)
org.openqa.selenium.WebDriverException: Timed out waiting for driver server to stop.
Build info: version: '4.25.0', revision: '8a8aea2337'
System info: os.name: 'Linux', os.arch: 'amd64', os.version: '6.8.0-63-generic', java.version: '21.0.7'
Driver info: org.openqa.selenium.chrome.ChromeDriver
Command: [118a252be76912177387ff950b085a2a, quit {}]
Capabilities {acceptInsecureCerts: false, browserName: chrome, browserVersion: 138.0.7204.92, chrome: {chromedriverVersion: 138.0.7204.94 (545025748884..., userDataDir: /tmp/.org.chromium.Chromium...}, fedcm:accounts: true, goog:chromeOptions: {debuggerAddress: localhost:34791}, networkConnectionEnabled: false, pageLoadStrategy: normal, platformName: linux, proxy: Proxy(), se:cdp: ws://localhost:34791/devtoo..., se:cdpVersion: 138.0.7204.92, setWindowRect: true, strictFileInteractability: false, timeouts: {implicit: 0, pageLoad: 300000, script: 30000}, unhandledPromptBehavior: dismiss and notify, webauthn:extension:credBlob: true, webauthn:extension:largeBlob: true, webauthn:extension:minPinLength: true, webauthn:extension:prf: true, webauthn:virtualAuthenticators: true}
Session ID: 118a252be76912177387ff950b085a2a
	at org.openqa.selenium.remote.service.DriverCommandExecutor.execute(DriverCommandExecutor.java:167)
	at org.openqa.selenium.remote.RemoteWebDriver.execute(RemoteWebDriver.java:545)
	at org.openqa.selenium.remote.RemoteWebDriver.execute(RemoteWebDriver.java:618)
	at org.openqa.selenium.remote.RemoteWebDriver.execute(RemoteWebDriver.java:622)
	at org.openqa.selenium.remote.RemoteWebDriver.quit(RemoteWebDriver.java:446)
	at org.openqa.selenium.chromium.ChromiumDriver.quit(ChromiumDriver.java:435)
	at io.github.bonigarcia.wdm.WebDriverManager.quit(WebDriverManager.java:952)
	at java.base/java.util.Spliterators$ArraySpliterator.forEachRemaining(Spliterators.java:1024)
	at java.base/java.util.stream.ReferencePipeline$Head.forEach(ReferencePipeline.java:762)
	at io.github.bonigarcia.wdm.WebDriverManager.quit(WebDriverManager.java:905)
	at com.github.mirospanacek.TestPreset.teardown(TestPreset.java:108)
	at java.base/jdk.internal.reflect.DirectMethodHandleAccessor.invoke(DirectMethodHandleAccessor.java:103)
	at java.base/java.lang.reflect.Method.invoke(Method.java:580)
	at org.testng.internal.invokers.MethodInvocationHelper.invokeMethod(MethodInvocationHelper.java:141)
	at org.testng.internal.invokers.InvokeMethodRunnable.runOne(InvokeMethodRunnable.java:47)
	at org.testng.internal.invokers.InvokeMethodRunnable.call(InvokeMethodRunnable.java:76)
	at org.testng.internal.invokers.InvokeMethodRunnable.run(InvokeMethodRunnable.java:33)
	at org.testng.internal.invokers.MethodInvocationHelper.invokeWithTimeoutWithNoExecutor(MethodInvocationHelper.java:353)
	at org.testng.internal.invokers.MethodInvocationHelper.invokeWithTimeout(MethodInvocationHelper.java:308)
	at org.testng.internal.invokers.MethodInvocationHelper.invokeWithTimeout(MethodInvocationHelper.java:292)
	at org.testng.internal.invokers.MethodInvocationHelper.invokeMethodConsideringTimeout(MethodInvocationHelper.java:73)
	at org.testng.internal.invokers.ConfigInvoker.invokeConfigurationMethod(ConfigInvoker.java:400)
	at org.testng.internal.invokers.ConfigInvoker.invokeConfigurations(ConfigInvoker.java:333)
	at org.testng.internal.invokers.TestInvoker.runConfigMethods(TestInvoker.java:833)
	at org.testng.internal.invokers.TestInvoker.runAfterConfigurations(TestInvoker.java:802)
	at org.testng.internal.invokers.TestInvoker.invokeMethod(TestInvoker.java:622)
	at org.testng.internal.invokers.TestInvoker.invokeTestMethod(TestInvoker.java:230)
	at org.testng.internal.invokers.MethodRunner.runInSequence(MethodRunner.java:63)
	at org.testng.internal.invokers.TestInvoker$MethodInvocationAgent.invoke(TestInvoker.java:992)
	at org.testng.internal.invokers.TestInvoker.invokeTestMethods(TestInvoker.java:203)
	at org.testng.internal.invokers.TestMethodWorker.invokeTestMethods(TestMethodWorker.java:154)
	at org.testng.internal.invokers.TestMethodWorker.run(TestMethodWorker.java:134)
	at java.base/java.util.concurrent.Executors$RunnableAdapter.call(Executors.java:572)
	at java.base/java.util.concurrent.FutureTask.run(FutureTask.java:317)
	at org.testng.internal.thread.graph.TestNGFutureTask.run(TestNGFutureTask.java:22)
	at java.base/java.util.concurrent.ThreadPoolExecutor.runWorker(ThreadPoolExecutor.java:1144)
	at java.base/java.util.concurrent.ThreadPoolExecutor$Worker.run(ThreadPoolExecutor.java:642)
	at java.base/java.lang.Thread.run(Thread.java:1583)
Caused by: java.lang.InterruptedException: null
	at java.base/java.util.concurrent.CompletableFuture.reportGet(CompletableFuture.java:386)
	at java.base/java.util.concurrent.CompletableFuture.get(CompletableFuture.java:2096)
	at org.openqa.selenium.remote.service.DriverCommandExecutor.execute(DriverCommandExecutor.java:160)
	... 37 common frames omitted
2025-07-13 21:30:14 invalidLogin [TestNG-test-Regression Test-1] INFO com.github.mirospanacek.TestPreset - ********** end of test:invalidLogin ***********
2025-07-13 21:30:14 invalidLogin [TestNG-test-Regression Test-1] INFO com.github.mirospanacek.TestPreset - ************* Test: invalidLogin **************
2025-07-13 21:30:14 invalidLogin [TestNG-test-Regression Test-1] INFO i.g.bonigarcia.wdm.WebDriverManager - Using chromedriver 138.0.7204.94 (resolved driver for Chrome 138)
2025-07-13 21:30:14 invalidLogin [TestNG-test-Regression Test-1] INFO i.g.bonigarcia.wdm.WebDriverManager - Exporting webdriver.chrome.driver as /home/mp/.cache/selenium/chromedriver/linux64/138.0.7204.94/chromedriver
]]></system-out>
    <system-err><![CDATA[čvc 13, 2025 9:30:14 ODP. org.openqa.selenium.concurrent.ExecutorServices shutdownGracefully
WARNING: Failed to shutdown Driver Command Executor
java.lang.InterruptedException
	at java.base/java.util.concurrent.locks.AbstractQueuedSynchronizer$ConditionObject.awaitNanos(AbstractQueuedSynchronizer.java:1749)
	at java.base/java.util.concurrent.ThreadPoolExecutor.awaitTermination(ThreadPoolExecutor.java:1475)
	at org.openqa.selenium.concurrent.ExecutorServices.shutdownGracefully(ExecutorServices.java:33)
	at org.openqa.selenium.remote.service.DriverCommandExecutor.close(DriverCommandExecutor.java:221)
	at org.openqa.selenium.remote.service.DriverCommandExecutor.execute(DriverCommandExecutor.java:169)
	at org.openqa.selenium.remote.RemoteWebDriver.execute(RemoteWebDriver.java:545)
	at org.openqa.selenium.remote.RemoteWebDriver.execute(RemoteWebDriver.java:618)
	at org.openqa.selenium.remote.RemoteWebDriver.execute(RemoteWebDriver.java:622)
	at org.openqa.selenium.remote.RemoteWebDriver.quit(RemoteWebDriver.java:446)
	at org.openqa.selenium.chromium.ChromiumDriver.quit(ChromiumDriver.java:435)
	at io.github.bonigarcia.wdm.WebDriverManager.quit(WebDriverManager.java:952)
	at java.base/java.util.Spliterators$ArraySpliterator.forEachRemaining(Spliterators.java:1024)
	at java.base/java.util.stream.ReferencePipeline$Head.forEach(ReferencePipeline.java:762)
	at io.github.bonigarcia.wdm.WebDriverManager.quit(WebDriverManager.java:905)
	at com.github.mirospanacek.TestPreset.teardown(TestPreset.java:108)
	at java.base/jdk.internal.reflect.DirectMethodHandleAccessor.invoke(DirectMethodHandleAccessor.java:103)
	at java.base/java.lang.reflect.Method.invoke(Method.java:580)
	at org.testng.internal.invokers.MethodInvocationHelper.invokeMethod(MethodInvocationHelper.java:141)
	at org.testng.internal.invokers.InvokeMethodRunnable.runOne(InvokeMethodRunnable.java:47)
	at org.testng.internal.invokers.InvokeMethodRunnable.call(InvokeMethodRunnable.java:76)
	at org.testng.internal.invokers.InvokeMethodRunnable.run(InvokeMethodRunnable.java:33)
	at org.testng.internal.invokers.MethodInvocationHelper.invokeWithTimeoutWithNoExecutor(MethodInvocationHelper.java:353)
	at org.testng.internal.invokers.MethodInvocationHelper.invokeWithTimeout(MethodInvocationHelper.java:308)
	at org.testng.internal.invokers.MethodInvocationHelper.invokeWithTimeout(MethodInvocationHelper.java:292)
	at org.testng.internal.invokers.MethodInvocationHelper.invokeMethodConsideringTimeout(MethodInvocationHelper.java:73)
	at org.testng.internal.invokers.ConfigInvoker.invokeConfigurationMethod(ConfigInvoker.java:400)
	at org.testng.internal.invokers.ConfigInvoker.invokeConfigurations(ConfigInvoker.java:333)
	at org.testng.internal.invokers.TestInvoker.runConfigMethods(TestInvoker.java:833)
	at org.testng.internal.invokers.TestInvoker.runAfterConfigurations(TestInvoker.java:802)
	at org.testng.internal.invokers.TestInvoker.invokeMethod(TestInvoker.java:622)
	at org.testng.internal.invokers.TestInvoker.invokeTestMethod(TestInvoker.java:230)
	at org.testng.internal.invokers.MethodRunner.runInSequence(MethodRunner.java:63)
	at org.testng.internal.invokers.TestInvoker$MethodInvocationAgent.invoke(TestInvoker.java:992)
	at org.testng.internal.invokers.TestInvoker.invokeTestMethods(TestInvoker.java:203)
	at org.testng.internal.invokers.TestMethodWorker.invokeTestMethods(TestMethodWorker.java:154)
	at org.testng.internal.invokers.TestMethodWorker.run(TestMethodWorker.java:134)
	at java.base/java.util.concurrent.Executors$RunnableAdapter.call(Executors.java:572)
	at java.base/java.util.concurrent.FutureTask.run(FutureTask.java:317)
	at org.testng.internal.thread.graph.TestNGFutureTask.run(TestNGFutureTask.java:22)
	at java.base/java.util.concurrent.ThreadPoolExecutor.runWorker(ThreadPoolExecutor.java:1144)
	at java.base/java.util.concurrent.ThreadPoolExecutor$Worker.run(ThreadPoolExecutor.java:642)
	at java.base/java.lang.Thread.run(Thread.java:1583)

]]></system-err>
  </testcase>
  <testcase name="invalidLogin[Customer{firstName=&apos;&apos;, lastName=&apos;&apos;, email=&apos;panacek.m@gmail.com&apos;, password=&apos;.lkj&apos;, socialTitle=null, birthdate=null}](2)" classname="com.github.mirospanacek.login.InvalidLoginTest" time="0.0">
    <skipped message="Could not start a new session. Possible causes are invalid address of the remote server or browser start-up failure. &#10;Host info: host: &apos;mp-Latitude-7430&apos;, ip: &apos;127.0.1.1&apos;"/>
  </testcase>
  <testcase name="setUp[public void com.github.mirospanacek.login.ValidLoginTest.positiveLogin(com.github.mirospanacek.data.customers.Customer)](1)" classname="com.github.mirospanacek.login.ValidLoginTest" time="1.101">
    <failure message="unknown error: net::ERR_CONNECTION_REFUSED&#10;  (Session info: chrome=138.0.7204.92)&#10;Build info: version: &apos;4.25.0&apos;, revision: &apos;8a8aea2337&apos;&#10;System info: os.name: &apos;Linux&apos;, os.arch: &apos;amd64&apos;, os.version: &apos;6.8.0-63-generic&apos;, java.version: &apos;21.0.7&apos;&#10;Driver info: org.openqa.selenium.chrome.ChromeDriver&#10;Command: [ffa3818a61cae890ff8245e2e428cae6, get {url=http://localhost:8089}]&#10;Capabilities {acceptInsecureCerts: false, browserName: chrome, browserVersion: 138.0.7204.92, chrome: {chromedriverVersion: 138.0.7204.94 (545025748884..., userDataDir: /tmp/.org.chromium.Chromium...}, fedcm:accounts: true, goog:chromeOptions: {debuggerAddress: localhost:39277}, networkConnectionEnabled: false, pageLoadStrategy: normal, platformName: linux, proxy: Proxy(), se:cdp: ws://localhost:39277/devtoo..., se:cdpVersion: 138.0.7204.92, setWindowRect: true, strictFileInteractability: false, timeouts: {implicit: 0, pageLoad: 300000, script: 30000}, unhandledPromptBehavior: dismiss and notify, webauthn:extension:credBlob: true, webauthn:extension:largeBlob: true, webauthn:extension:minPinLength: true, webauthn:extension:prf: true, webauthn:virtualAuthenticators: true}&#10;Session ID: ffa3818a61cae890ff8245e2e428cae6" type="org.openqa.selenium.WebDriverException"><![CDATA[org.openqa.selenium.WebDriverException: 
unknown error: net::ERR_CONNECTION_REFUSED
  (Session info: chrome=138.0.7204.92)
Build info: version: '4.25.0', revision: '8a8aea2337'
System info: os.name: 'Linux', os.arch: 'amd64', os.version: '6.8.0-63-generic', java.version: '21.0.7'
Driver info: org.openqa.selenium.chrome.ChromeDriver
Command: [ffa3818a61cae890ff8245e2e428cae6, get {url=http://localhost:8089}]
Capabilities {acceptInsecureCerts: false, browserName: chrome, browserVersion: 138.0.7204.92, chrome: {chromedriverVersion: 138.0.7204.94 (545025748884..., userDataDir: /tmp/.org.chromium.Chromium...}, fedcm:accounts: true, goog:chromeOptions: {debuggerAddress: localhost:39277}, networkConnectionEnabled: false, pageLoadStrategy: normal, platformName: linux, proxy: Proxy(), se:cdp: ws://localhost:39277/devtoo..., se:cdpVersion: 138.0.7204.92, setWindowRect: true, strictFileInteractability: false, timeouts: {implicit: 0, pageLoad: 300000, script: 30000}, unhandledPromptBehavior: dismiss and notify, webauthn:extension:credBlob: true, webauthn:extension:largeBlob: true, webauthn:extension:minPinLength: true, webauthn:extension:prf: true, webauthn:virtualAuthenticators: true}
Session ID: ffa3818a61cae890ff8245e2e428cae6
	at java.base/jdk.internal.reflect.DirectConstructorHandleAccessor.newInstance(DirectConstructorHandleAccessor.java:62)
	at java.base/java.lang.reflect.Constructor.newInstanceWithCaller(Constructor.java:502)
	at java.base/java.lang.reflect.Constructor.newInstance(Constructor.java:486)
	at org.openqa.selenium.remote.ErrorCodec.decode(ErrorCodec.java:167)
	at org.openqa.selenium.remote.codec.w3c.W3CHttpResponseCodec.decode(W3CHttpResponseCodec.java:138)
	at org.openqa.selenium.remote.codec.w3c.W3CHttpResponseCodec.decode(W3CHttpResponseCodec.java:50)
	at org.openqa.selenium.remote.HttpCommandExecutor.execute(HttpCommandExecutor.java:190)
	at org.openqa.selenium.remote.service.DriverCommandExecutor.invokeExecute(DriverCommandExecutor.java:216)
	at org.openqa.selenium.remote.service.DriverCommandExecutor.execute(DriverCommandExecutor.java:174)
	at org.openqa.selenium.remote.RemoteWebDriver.execute(RemoteWebDriver.java:545)
	at org.openqa.selenium.remote.RemoteWebDriver.get(RemoteWebDriver.java:313)
	at com.github.mirospanacek.TestPreset.setUp(TestPreset.java:89)
	at java.base/jdk.internal.reflect.DirectMethodHandleAccessor.invoke(DirectMethodHandleAccessor.java:103)
	at java.base/java.lang.reflect.Method.invoke(Method.java:580)
	at org.testng.internal.invokers.MethodInvocationHelper.invokeMethod(MethodInvocationHelper.java:141)
	at org.testng.internal.invokers.InvokeMethodRunnable.runOne(InvokeMethodRunnable.java:47)
	at org.testng.internal.invokers.InvokeMethodRunnable.call(InvokeMethodRunnable.java:76)
	at org.testng.internal.invokers.InvokeMethodRunnable.run(InvokeMethodRunnable.java:33)
	at org.testng.internal.invokers.MethodInvocationHelper.invokeWithTimeoutWithNoExecutor(MethodInvocationHelper.java:353)
	at org.testng.internal.invokers.MethodInvocationHelper.invokeWithTimeout(MethodInvocationHelper.java:308)
	at org.testng.internal.invokers.MethodInvocationHelper.invokeWithTimeout(MethodInvocationHelper.java:292)
	at org.testng.internal.invokers.MethodInvocationHelper.invokeMethodConsideringTimeout(MethodInvocationHelper.java:73)
	at org.testng.internal.invokers.ConfigInvoker.invokeConfigurationMethod(ConfigInvoker.java:400)
	at org.testng.internal.invokers.ConfigInvoker.invokeConfigurations(ConfigInvoker.java:333)
	at org.testng.internal.invokers.TestInvoker.runConfigMethods(TestInvoker.java:833)
	at org.testng.internal.invokers.TestInvoker.invokeMethod(TestInvoker.java:600)
	at org.testng.internal.invokers.TestInvoker.invokeTestMethod(TestInvoker.java:230)
	at org.testng.internal.invokers.MethodRunner.runInSequence(MethodRunner.java:63)
	at org.testng.internal.invokers.TestInvoker$MethodInvocationAgent.invoke(TestInvoker.java:992)
	at org.testng.internal.invokers.TestInvoker.invokeTestMethods(TestInvoker.java:203)
	at org.testng.internal.invokers.TestMethodWorker.invokeTestMethods(TestMethodWorker.java:154)
	at org.testng.internal.invokers.TestMethodWorker.run(TestMethodWorker.java:134)
	at java.base/java.util.concurrent.Executors$RunnableAdapter.call(Executors.java:572)
	at java.base/java.util.concurrent.FutureTask.run(FutureTask.java:317)
	at org.testng.internal.thread.graph.TestNGFutureTask.run(TestNGFutureTask.java:22)
	at java.base/java.util.concurrent.ThreadPoolExecutor.runWorker(ThreadPoolExecutor.java:1144)
	at java.base/java.util.concurrent.ThreadPoolExecutor$Worker.run(ThreadPoolExecutor.java:642)
	at java.base/java.lang.Thread.run(Thread.java:1583)
]]></failure>
    <system-out><![CDATA[2025-07-13 21:30:14 invalidLogin [TestNG-test-Regression Test-1] INFO com.github.mirospanacek.TestPreset - ********** end of test:invalidLogin ***********
2025-07-13 21:30:15 positiveLogin [TestNG-test-Regression Test-2] INFO i.g.b.wdm.online.Downloader - Extracting driver from compressed file chromedriver-linux64.zip
2025-07-13 21:30:15 positiveLogin [TestNG-test-Regression Test-2] INFO i.g.bonigarcia.wdm.WebDriverManager - Exporting webdriver.chrome.driver as /home/mp/.cache/selenium/chromedriver/linux64/138.0.7204.94/chromedriver
]]></system-out>
    <system-err><![CDATA[čvc 13, 2025 9:30:15 ODP. org.openqa.selenium.devtools.CdpVersionFinder findNearestMatch
WARNING: Unable to find CDP implementation matching 138
čvc 13, 2025 9:30:15 ODP. org.openqa.selenium.chromium.ChromiumDriver lambda$new$5
WARNING: Unable to find version of CDP to use for 138.0.7204.92. You may need to include a dependency on a specific version of the CDP using something similar to `org.seleniumhq.selenium:selenium-devtools-v86:4.25.0` where the version ("v86") matches the version of the chromium-based browser you're using and the version number of the artifact is the same as Selenium's.
]]></system-err>
  </testcase>
  <testcase name="getCustomers" classname="com.github.mirospanacek.login.ValidLoginTest" time="0.0">
    <skipped/>
  </testcase>
  <testcase name="setUrl" classname="com.github.mirospanacek.login.ValidLoginTest" time="0.0">
    <skipped/>
  </testcase>
  <testcase name="positiveLogin[Customer{firstName=&apos;Miroš&apos;, lastName=&apos;Panáček&apos;, email=&apos;panacek.m@gmail.com&apos;, password=&apos;Asdf456.lkj&apos;, socialTitle=null, birthdate=null}](1)" classname="com.github.mirospanacek.login.ValidLoginTest" time="0.0">
    <skipped message="unknown error: net::ERR_CONNECTION_REFUSED&#10;  (Session info: chrome=138.0.7204.92)&#10;Build info: version: &apos;4.25.0&apos;, revision: &apos;8a8aea2337&apos;&#10;System info: os.name: &apos;Linux&apos;, os.arch: &apos;amd64&apos;, os.version: &apos;6.8.0-63-generic&apos;, java.version: &apos;21.0.7&apos;&#10;Driver info: org.openqa.selenium.chrome.ChromeDriver&#10;Command: [ffa3818a61cae890ff8245e2e428cae6, get {url=http://localhost:8089}]&#10;Capabilities {acceptInsecureCerts: false, browserName: chrome, browserVersion: 138.0.7204.92, chrome: {chromedriverVersion: 138.0.7204.94 (545025748884..., userDataDir: /tmp/.org.chromium.Chromium...}, fedcm:accounts: true, goog:chromeOptions: {debuggerAddress: localhost:39277}, networkConnectionEnabled: false, pageLoadStrategy: normal, platformName: linux, proxy: Proxy(), se:cdp: ws://localhost:39277/devtoo..., se:cdpVersion: 138.0.7204.92, setWindowRect: true, strictFileInteractability: false, timeouts: {implicit: 0, pageLoad: 300000, script: 30000}, unhandledPromptBehavior: dismiss and notify, webauthn:extension:credBlob: true, webauthn:extension:largeBlob: true, webauthn:extension:minPinLength: true, webauthn:extension:prf: true, webauthn:virtualAuthenticators: true}&#10;Session ID: ffa3818a61cae890ff8245e2e428cae6"/>
  </testcase>
</testsuite>